<?xml version="1.0" encoding="UTF-8"?>
<!-- Generated by org.testng.reporters.JUnitReportReporter -->
<testsuite hostname="Abisha" failures="0" tests="1" name="com.sevenrmartsupermarket.tests.LoginTest" time="12.436" errors="0" timestamp="2024-11-27T07:26:30 IST" skipped="0">
  <testcase classname="com.sevenrmartsupermarket.tests.LoginTest" name="verifyAdminUserLogin" time="12.436"/>
</testsuite> <!-- com.sevenrmartsupermarket.tests.LoginTest -->
